#
# A fatal error has been detected by the Java Runtime Environment:
#
#  EXCEPTION_ACCESS_VIOLATION (0xc0000005) at pc=0x00007ffa83bc4e57, pid=9512, tid=15500
#
# JRE version: Java(TM) SE Runtime Environment 18.9 (11.0.21+9) (build 11.0.21+9-LTS-193)
# Java VM: Java HotSpot(TM) 64-Bit Server VM 18.9 (11.0.21+9-LTS-193, mixed mode, tiered, compressed oops, g1 gc, windows-amd64)
# Problematic frame:
# V  [jvm.dll+0x6e4e57]
#
# No core dump will be written. Minidumps are not enabled by default on client versions of Windows
#
# If you would like to submit a bug report, please visit:
#   https://bugreport.java.com/bugreport/crash.jsp
#

---------------  S U M M A R Y ------------

Command Line: -agentlib:jdwp=transport=dt_socket,suspend=y,address=localhost:54811 -javaagent:C:\eclipse\eclipse\configuration\org.eclipse.osgi\221\0\.cp\lib\javaagent-shaded.jar -Dfile.encoding=UTF-8 SeleniumFlipkartFrameWork.Flipkartorders.SubmitOrders

Host: Intel(R) Core(TM) i7-7500U CPU @ 2.70GHz, 4 cores, 7G,  Windows 10 , 64 bit Build 18362 (10.0.18362.1500)
Time: Fri Aug  2 16:54:44 2024 South Africa Standard Time elapsed time: 1014.964486 seconds (0d 0h 16m 54s)

---------------  T H R E A D  ---------------

Current thread (0x00000201d3558800):  JavaThread "main" [_thread_in_vm, id=15500, stack(0x000000cc00900000,0x000000cc00a00000)]

Stack: [0x000000cc00900000,0x000000cc00a00000],  sp=0x000000cc009feeb0,  free space=1019k
Native frames: (J=compiled Java code, j=interpreted, Vv=VM code, C=native code)
V  [jvm.dll+0x6e4e57]
V  [jvm.dll+0x2dec30]
V  [jvm.dll+0x386878]
V  [jvm.dll+0x385f17]
C  0x00000201dac5cc18

Java frames: (J=compiled Java code, j=interpreted, Vv=VM code)
j  SeleniumFlipkartFrameWork.Flipkartorders.SubmitOrders.main([Ljava/lang/String;)V+360
v  ~StubRoutines::call_stub

siginfo: EXCEPTION_ACCESS_VIOLATION (0xc0000005), reading address 0x0000000000000006


Register to memory mapping:

RIP=0x00007ffa83bc4e57 jvm.dll
RAX=0x0 is NULL
RBX=0x000000cc009fef10 is pointing into the stack for thread: 0x00000201d3558800
RCX=0x000000cc009fef10 is pointing into the stack for thread: 0x00000201d3558800
RDX=0x0 is NULL
RSP=0x000000cc009feeb0 is pointing into the stack for thread: 0x00000201d3558800
RBP=0x000000cc009ff050 is pointing into the stack for thread: 0x00000201d3558800
RSI=0x0 is NULL
RDI=0x00000201d3558800 is a thread
R8 =0x0 is NULL
R9 =0x00000201f254cd10 is pointing into metadata
R10=0x00000201dac30000 points into unknown readable memory: 0x0000000000000004 | 04 00 00 00 00 00 00 00
R11=0x000000cc009ff280 is pointing into the stack for thread: 0x00000201d3558800
R12=0x00000201d35592c0 points into unknown readable memory: 0x0000000000000000 | 00 00 00 00 00 00 00 00
R13=0x0 is NULL
R14=0x00000000000000b9 is an unknown value
R15=0x0 is NULL


Registers:
RAX=0x0000000000000000, RBX=0x000000cc009fef10, RCX=0x000000cc009fef10, RDX=0x0000000000000000
RSP=0x000000cc009feeb0, RBP=0x000000cc009ff050, RSI=0x0000000000000000, RDI=0x00000201d3558800
R8 =0x0000000000000000, R9 =0x00000201f254cd10, R10=0x00000201dac30000, R11=0x000000cc009ff280
R12=0x00000201d35592c0, R13=0x0000000000000000, R14=0x00000000000000b9, R15=0x0000000000000000
RIP=0x00007ffa83bc4e57, EFLAGS=0x0000000000010246

Top of Stack: (sp=0x000000cc009feeb0)
0x000000cc009feeb0:   00000201d3558800 00007ffa837c068f
0x000000cc009feec0:   00000201d3558800 0000000000000004
0x000000cc009feed0:   00000201d3551810 00007ffa83b12b55
0x000000cc009feee0:   00000201d1494810 00007ffa837bec30
0x000000cc009feef0:   000000cc009feff0 000000cc009ff050
0x000000cc009fef00:   000000cc009fefc0 00007ffa83b12c05
0x000000cc009fef10:   00007ffa83d50858 0000000000000000
0x000000cc009fef20:   0000000000000000 0000020100000063
0x000000cc009fef30:   0000000000000000 00007ffa8385289f
0x000000cc009fef40:   0000000000000000 00007ffa83866878
0x000000cc009fef50:   0000000000000000 0000000000000000
0x000000cc009fef60:   00000201d14abd40 00000201d3558800
0x000000cc009fef70:   00000201f16457b0 00000201f254d990
0x000000cc009fef80:   00000201f254db30 00000201d3558800
0x000000cc009fef90:   00000201d35596a8 000000cc009ff100
0x000000cc009fefa0:   0000000000000168 00000201f16457b0 

Instructions: (pc=0x00007ffa83bc4e57)
0x00007ffa83bc4e37:   cc cc cc cc cc cc cc cc cc 48 89 5c 24 18 56 48
0x00007ffa83bc4e47:   83 ec 30 48 8b 41 08 33 f6 48 89 71 10 48 8b d9
0x00007ffa83bc4e57:   80 78 06 28 74 29 4c 8d 0d 4c c2 21 00 c7 44 24
0x00007ffa83bc4e67:   20 28 00 00 00 44 8d 46 35 b9 00 00 00 e0 48 8d 


Stack slot to memory mapping:
stack at sp + 0 slots: 0x00000201d3558800 is a thread
stack at sp + 1 slots: 0x00007ffa837c068f jvm.dll
stack at sp + 2 slots: 0x00000201d3558800 is a thread
stack at sp + 3 slots: 0x0000000000000004 is an unknown value
stack at sp + 4 slots: 0x00000201d3551810 points into unknown readable memory: 0x0000000000000000 | 00 00 00 00 00 00 00 00
stack at sp + 5 slots: 0x00007ffa83b12b55 jvm.dll
stack at sp + 6 slots: 0x00000201d1494810 points into unknown readable memory: 0x0000000000000002 | 02 00 00 00 00 00 00 00
stack at sp + 7 slots: 0x00007ffa837bec30 jvm.dll


---------------  P R O C E S S  ---------------

Threads class SMR info:
_java_thread_list=0x00000201f5cc1c90, length=19, elements={
0x00000201d3558800, 0x00000201f0c4d000, 0x00000201f0c79000, 0x00000201f0c83800,
0x00000201f0c84800, 0x00000201f0c88800, 0x00000201f15e4000, 0x00000201f15ee800,
0x00000201f0c91000, 0x00000201f0c04000, 0x00000201f1864000, 0x00000201f193a000,
0x00000201f193b000, 0x00000201f20d7000, 0x00000201f3d12000, 0x00000201f2e4f000,
0x00000201f439b800, 0x00000201f439c800, 0x00000201f61aa000
}

Java Threads: ( => current thread )
=>0x00000201d3558800 JavaThread "main" [_thread_in_vm, id=15500, stack(0x000000cc00900000,0x000000cc00a00000)]
  0x00000201f0c4d000 JavaThread "Reference Handler" daemon [_thread_blocked, id=7324, stack(0x000000cc01000000,0x000000cc01100000)]
  0x00000201f0c79000 JavaThread "Finalizer" daemon [_thread_blocked, id=15748, stack(0x000000cc01100000,0x000000cc01200000)]
  0x00000201f0c83800 JavaThread "Signal Dispatcher" daemon [_thread_blocked, id=17672, stack(0x000000cc01200000,0x000000cc01300000)]
  0x00000201f0c84800 JavaThread "Attach Listener" daemon [_thread_blocked, id=19720, stack(0x000000cc01300000,0x000000cc01400000)]
  0x00000201f0c88800 JavaThread "Service Thread" daemon [_thread_blocked, id=15904, stack(0x000000cc01400000,0x000000cc01500000)]
  0x00000201f15e4000 JavaThread "C2 CompilerThread0" daemon [_thread_blocked, id=20692, stack(0x000000cc01500000,0x000000cc01600000)]
  0x00000201f15ee800 JavaThread "C1 CompilerThread0" daemon [_thread_blocked, id=21924, stack(0x000000cc01600000,0x000000cc01700000)]
  0x00000201f0c91000 JavaThread "Sweeper thread" daemon [_thread_blocked, id=10296, stack(0x000000cc01700000,0x000000cc01800000)]
  0x00000201f0c04000 JavaThread "Common-Cleaner" daemon [_thread_blocked, id=4992, stack(0x000000cc01800000,0x000000cc01900000)]
  0x00000201f1864000 JavaThread "JDWP Transport Listener: dt_socket" daemon [_thread_blocked, id=21708, stack(0x000000cc01a00000,0x000000cc01b00000)]
  0x00000201f193a000 JavaThread "JDWP Event Helper Thread" daemon [_thread_blocked, id=15876, stack(0x000000cc01b00000,0x000000cc01c00000)]
  0x00000201f193b000 JavaThread "JDWP Command Reader" daemon [_thread_in_native, id=3792, stack(0x000000cc01c00000,0x000000cc01d00000)]
  0x00000201f20d7000 JavaThread "ForkJoinPool.commonPool-worker-3" daemon [_thread_blocked, id=9656, stack(0x000000cc02000000,0x000000cc02100000)]
  0x00000201f3d12000 JavaThread "HttpClient-1-SelectorManager" daemon [_thread_in_native, id=21964, stack(0x000000cc02100000,0x000000cc02200000)]
  0x00000201f2e4f000 JavaThread "External Process Output Forwarder - C:\Users\tejas\.cache\selenium\chromedriver\win64\127.0.6533.88\chromedriver.exe" daemon [_thread_in_native, id=12540, stack(0x000000cc02200000,0x000000cc02300000)]
  0x00000201f439b800 JavaThread "Driver Service Executor" daemon [_thread_blocked, id=16172, stack(0x000000cc02300000,0x000000cc02400000)]
  0x00000201f439c800 JavaThread "Driver Service Executor" daemon [_thread_blocked, id=9232, stack(0x000000cc02400000,0x000000cc02500000)]
  0x00000201f61aa000 JavaThread "HttpClient-2-SelectorManager" daemon [_thread_in_native, id=15676, stack(0x000000cc02a00000,0x000000cc02b00000)]

Other Threads:
  0x00000201f0c4a800 VMThread "VM Thread" [stack: 0x000000cc00f00000,0x000000cc01000000] [id=10928]
  0x00000201f1fef800 WatcherThread [stack: 0x000000cc01900000,0x000000cc01a00000] [id=9688]
  0x00000201d356d800 GCTaskThread "GC Thread#0" [stack: 0x000000cc00a00000,0x000000cc00b00000] [id=8356]
  0x00000201f20f2800 GCTaskThread "GC Thread#1" [stack: 0x000000cc01e00000,0x000000cc01f00000] [id=2268]
  0x00000201f21c9000 GCTaskThread "GC Thread#2" [stack: 0x000000cc01f00000,0x000000cc02000000] [id=9084]
  0x00000201d359d800 ConcurrentGCThread "G1 Main Marker" [stack: 0x000000cc00b00000,0x000000cc00c00000] [id=5400]
  0x00000201d359f800 ConcurrentGCThread "G1 Conc#0" [stack: 0x000000cc00c00000,0x000000cc00d00000] [id=15088]
  0x00000201d361e000 ConcurrentGCThread "G1 Refine#0" [stack: 0x000000cc00d00000,0x000000cc00e00000] [id=14560]
  0x00000201f0ab6000 ConcurrentGCThread "G1 Young RemSet Sampling" [stack: 0x000000cc00e00000,0x000000cc00f00000] [id=16764]

Threads with active compile tasks:

VM state:synchronizing (normal execution)

VM Mutex/Monitor currently owned by a thread:  ([mutex/lock_event])
[0x00000201d3553090] Threads_lock - owner thread: 0x00000201f0c4a800

Heap address: 0x0000000081c00000, size: 2020 MB, Compressed Oops mode: 32-bit
Narrow klass base: 0x0000000000000000, Narrow klass shift: 3
Compressed class space size: 1073741824 Address: 0x0000000100000000

Heap:
 garbage-first heap   total 131072K, used 52689K [0x0000000081c00000, 0x0000000100000000)
  region size 1024K, 48 young (49152K), 7 survivors (7168K)
 Metaspace       used 24585K, capacity 25626K, committed 25852K, reserved 1073152K
  class space    used 2585K, capacity 3007K, committed 3072K, reserved 1048576K
Heap Regions: E=young(eden), S=young(survivor), O=old, HS=humongous(starts), HC=humongous(continues), CS=collection set, F=free, A=archive, TAMS=top-at-mark-start (previous, next)
|   0|0x0000000081c00000, 0x0000000081d00000, 0x0000000081d00000|100%| O|  |TAMS 0x0000000081d00000, 0x0000000081c00000| Untracked 
|   1|0x0000000081d00000, 0x0000000081e00000, 0x0000000081e00000|100%| O|  |TAMS 0x0000000081e00000, 0x0000000081d00000| Untracked 
|   2|0x0000000081e00000, 0x0000000081f00000, 0x0000000081f00000|100%| O|  |TAMS 0x0000000081f00000, 0x0000000081e00000| Untracked 
|   3|0x0000000081f00000, 0x0000000082000000, 0x0000000082000000|100%| O|  |TAMS 0x0000000082000000, 0x0000000081f00000| Untracked 
|   4|0x0000000082000000, 0x0000000082100000, 0x0000000082100000|100%| O|  |TAMS 0x0000000082100000, 0x0000000082000000| Untracked 
|   5|0x0000000082100000, 0x0000000082199a00, 0x0000000082200000| 60%| O|  |TAMS 0x0000000082199a00, 0x0000000082100000| Untracked 
|   6|0x0000000082200000, 0x0000000082200000, 0x0000000082300000|  0%| F|  |TAMS 0x0000000082200000, 0x0000000082200000| Untracked 
|   7|0x0000000082300000, 0x0000000082300000, 0x0000000082400000|  0%| F|  |TAMS 0x0000000082300000, 0x0000000082300000| Untracked 
|   8|0x0000000082400000, 0x0000000082400000, 0x0000000082500000|  0%| F|  |TAMS 0x0000000082400000, 0x0000000082400000| Untracked 
|   9|0x0000000082500000, 0x0000000082500000, 0x0000000082600000|  0%| F|  |TAMS 0x0000000082500000, 0x0000000082500000| Untracked 
|  10|0x0000000082600000, 0x0000000082600000, 0x0000000082700000|  0%| F|  |TAMS 0x0000000082600000, 0x0000000082600000| Untracked 
|  11|0x0000000082700000, 0x0000000082700000, 0x0000000082800000|  0%| F|  |TAMS 0x0000000082700000, 0x0000000082700000| Untracked 
|  12|0x0000000082800000, 0x0000000082800000, 0x0000000082900000|  0%| F|  |TAMS 0x0000000082800000, 0x0000000082800000| Untracked 
|  13|0x0000000082900000, 0x0000000082900000, 0x0000000082a00000|  0%| F|  |TAMS 0x0000000082900000, 0x0000000082900000| Untracked 
|  14|0x0000000082a00000, 0x0000000082a00000, 0x0000000082b00000|  0%| F|  |TAMS 0x0000000082a00000, 0x0000000082a00000| Untracked 
|  15|0x0000000082b00000, 0x0000000082b00000, 0x0000000082c00000|  0%| F|  |TAMS 0x0000000082b00000, 0x0000000082b00000| Untracked 
|  16|0x0000000082c00000, 0x0000000082c00000, 0x0000000082d00000|  0%| F|  |TAMS 0x0000000082c00000, 0x0000000082c00000| Untracked 
|  17|0x0000000082d00000, 0x0000000082d00000, 0x0000000082e00000|  0%| F|  |TAMS 0x0000000082d00000, 0x0000000082d00000| Untracked 
|  18|0x0000000082e00000, 0x0000000082e00000, 0x0000000082f00000|  0%| F|  |TAMS 0x0000000082e00000, 0x0000000082e00000| Untracked 
|  19|0x0000000082f00000, 0x0000000082f00000, 0x0000000083000000|  0%| F|  |TAMS 0x0000000082f00000, 0x0000000082f00000| Untracked 
|  20|0x0000000083000000, 0x0000000083000000, 0x0000000083100000|  0%| F|  |TAMS 0x0000000083000000, 0x0000000083000000| Untracked 
|  21|0x0000000083100000, 0x0000000083100000, 0x0000000083200000|  0%| F|  |TAMS 0x0000000083100000, 0x0000000083100000| Untracked 
|  22|0x0000000083200000, 0x0000000083200000, 0x0000000083300000|  0%| F|  |TAMS 0x0000000083200000, 0x0000000083200000| Untracked 
|  23|0x0000000083300000, 0x0000000083300000, 0x0000000083400000|  0%| F|  |TAMS 0x0000000083300000, 0x0000000083300000| Untracked 
|  24|0x0000000083400000, 0x0000000083400000, 0x0000000083500000|  0%| F|  |TAMS 0x0000000083400000, 0x0000000083400000| Untracked 
|  25|0x0000000083500000, 0x0000000083500000, 0x0000000083600000|  0%| F|  |TAMS 0x0000000083500000, 0x0000000083500000| Untracked 
|  26|0x0000000083600000, 0x0000000083600000, 0x0000000083700000|  0%| F|  |TAMS 0x0000000083600000, 0x0000000083600000| Untracked 
|  27|0x0000000083700000, 0x0000000083700000, 0x0000000083800000|  0%| F|  |TAMS 0x0000000083700000, 0x0000000083700000| Untracked 
|  28|0x0000000083800000, 0x0000000083800000, 0x0000000083900000|  0%| F|  |TAMS 0x0000000083800000, 0x0000000083800000| Untracked 
|  29|0x0000000083900000, 0x0000000083900000, 0x0000000083a00000|  0%| F|  |TAMS 0x0000000083900000, 0x0000000083900000| Untracked 
|  30|0x0000000083a00000, 0x0000000083a00000, 0x0000000083b00000|  0%| F|  |TAMS 0x0000000083a00000, 0x0000000083a00000| Untracked 
|  31|0x0000000083b00000, 0x0000000083b00000, 0x0000000083c00000|  0%| F|  |TAMS 0x0000000083b00000, 0x0000000083b00000| Untracked 
|  32|0x0000000083c00000, 0x0000000083c00000, 0x0000000083d00000|  0%| F|  |TAMS 0x0000000083c00000, 0x0000000083c00000| Untracked 
|  33|0x0000000083d00000, 0x0000000083d00000, 0x0000000083e00000|  0%| F|  |TAMS 0x0000000083d00000, 0x0000000083d00000| Untracked 
|  34|0x0000000083e00000, 0x0000000083e00000, 0x0000000083f00000|  0%| F|  |TAMS 0x0000000083e00000, 0x0000000083e00000| Untracked 
|  35|0x0000000083f00000, 0x0000000083f00000, 0x0000000084000000|  0%| F|  |TAMS 0x0000000083f00000, 0x0000000083f00000| Untracked 
|  36|0x0000000084000000, 0x0000000084000000, 0x0000000084100000|  0%| F|  |TAMS 0x0000000084000000, 0x0000000084000000| Untracked 
|  37|0x0000000084100000, 0x0000000084100000, 0x0000000084200000|  0%| F|  |TAMS 0x0000000084100000, 0x0000000084100000| Untracked 
|  38|0x0000000084200000, 0x0000000084200000, 0x0000000084300000|  0%| F|  |TAMS 0x0000000084200000, 0x0000000084200000| Untracked 
|  39|0x0000000084300000, 0x0000000084300000, 0x0000000084400000|  0%| F|  |TAMS 0x0000000084300000, 0x0000000084300000| Untracked 
|  40|0x0000000084400000, 0x0000000084400000, 0x0000000084500000|  0%| F|  |TAMS 0x0000000084400000, 0x0000000084400000| Untracked 
|  41|0x0000000084500000, 0x0000000084500000, 0x0000000084600000|  0%| F|  |TAMS 0x0000000084500000, 0x0000000084500000| Untracked 
|  42|0x0000000084600000, 0x0000000084600000, 0x0000000084700000|  0%| F|  |TAMS 0x0000000084600000, 0x0000000084600000| Untracked 
|  43|0x0000000084700000, 0x0000000084700000, 0x0000000084800000|  0%| F|  |TAMS 0x0000000084700000, 0x0000000084700000| Untracked 
|  44|0x0000000084800000, 0x0000000084800000, 0x0000000084900000|  0%| F|  |TAMS 0x0000000084800000, 0x0000000084800000| Untracked 
|  45|0x0000000084900000, 0x0000000084900000, 0x0000000084a00000|  0%| F|  |TAMS 0x0000000084900000, 0x0000000084900000| Untracked 
|  46|0x0000000084a00000, 0x0000000084a00000, 0x0000000084b00000|  0%| F|  |TAMS 0x0000000084a00000, 0x0000000084a00000| Untracked 
|  47|0x0000000084b00000, 0x0000000084b00000, 0x0000000084c00000|  0%| F|  |TAMS 0x0000000084b00000, 0x0000000084b00000| Untracked 
|  48|0x0000000084c00000, 0x0000000084c00000, 0x0000000084d00000|  0%| F|  |TAMS 0x0000000084c00000, 0x0000000084c00000| Untracked 
|  49|0x0000000084d00000, 0x0000000084d00000, 0x0000000084e00000|  0%| F|  |TAMS 0x0000000084d00000, 0x0000000084d00000| Untracked 
|  50|0x0000000084e00000, 0x0000000084e00000, 0x0000000084f00000|  0%| F|  |TAMS 0x0000000084e00000, 0x0000000084e00000| Untracked 
|  51|0x0000000084f00000, 0x0000000084f00000, 0x0000000085000000|  0%| F|  |TAMS 0x0000000084f00000, 0x0000000084f00000| Untracked 
|  52|0x0000000085000000, 0x0000000085000000, 0x0000000085100000|  0%| F|  |TAMS 0x0000000085000000, 0x0000000085000000| Untracked 
|  53|0x0000000085100000, 0x0000000085100000, 0x0000000085200000|  0%| F|  |TAMS 0x0000000085100000, 0x0000000085100000| Untracked 
|  54|0x0000000085200000, 0x0000000085200000, 0x0000000085300000|  0%| F|  |TAMS 0x0000000085200000, 0x0000000085200000| Untracked 
|  55|0x0000000085300000, 0x0000000085300000, 0x0000000085400000|  0%| F|  |TAMS 0x0000000085300000, 0x0000000085300000| Untracked 
|  56|0x0000000085400000, 0x0000000085400000, 0x0000000085500000|  0%| F|  |TAMS 0x0000000085400000, 0x0000000085400000| Untracked 
|  57|0x0000000085500000, 0x0000000085500000, 0x0000000085600000|  0%| F|  |TAMS 0x0000000085500000, 0x0000000085500000| Untracked 
|  58|0x0000000085600000, 0x0000000085600000, 0x0000000085700000|  0%| F|  |TAMS 0x0000000085600000, 0x0000000085600000| Untracked 
|  59|0x0000000085700000, 0x0000000085700000, 0x0000000085800000|  0%| F|  |TAMS 0x0000000085700000, 0x0000000085700000| Untracked 
|  60|0x0000000085800000, 0x0000000085800000, 0x0000000085900000|  0%| F|  |TAMS 0x0000000085800000, 0x0000000085800000| Untracked 
|  61|0x0000000085900000, 0x0000000085900000, 0x0000000085a00000|  0%| F|  |TAMS 0x0000000085900000, 0x0000000085900000| Untracked 
|  62|0x0000000085a00000, 0x0000000085a00000, 0x0000000085b00000|  0%| F|  |TAMS 0x0000000085a00000, 0x0000000085a00000| Untracked 
|  63|0x0000000085b00000, 0x0000000085b00000, 0x0000000085c00000|  0%| F|  |TAMS 0x0000000085b00000, 0x0000000085b00000| Untracked 
|  64|0x0000000085c00000, 0x0000000085c00000, 0x0000000085d00000|  0%| F|  |TAMS 0x0000000085c00000, 0x0000000085c00000| Untracked 
|  65|0x0000000085d00000, 0x0000000085d00000, 0x0000000085e00000|  0%| F|  |TAMS 0x0000000085d00000, 0x0000000085d00000| Untracked 
|  66|0x0000000085e00000, 0x0000000085e00000, 0x0000000085f00000|  0%| F|  |TAMS 0x0000000085e00000, 0x0000000085e00000| Untracked 
|  67|0x0000000085f00000, 0x0000000085f00000, 0x0000000086000000|  0%| F|  |TAMS 0x0000000085f00000, 0x0000000085f00000| Untracked 
|  68|0x0000000086000000, 0x0000000086000000, 0x0000000086100000|  0%| F|  |TAMS 0x0000000086000000, 0x0000000086000000| Untracked 
|  69|0x0000000086100000, 0x0000000086100000, 0x0000000086200000|  0%| F|  |TAMS 0x0000000086100000, 0x0000000086100000| Untracked 
|  70|0x0000000086200000, 0x0000000086200000, 0x0000000086300000|  0%| F|  |TAMS 0x0000000086200000, 0x0000000086200000| Untracked 
|  71|0x0000000086300000, 0x0000000086300000, 0x0000000086400000|  0%| F|  |TAMS 0x0000000086300000, 0x0000000086300000| Untracked 
|  72|0x0000000086400000, 0x0000000086400000, 0x0000000086500000|  0%| F|  |TAMS 0x0000000086400000, 0x0000000086400000| Untracked 
|  73|0x0000000086500000, 0x0000000086500000, 0x0000000086600000|  0%| F|  |TAMS 0x0000000086500000, 0x0000000086500000| Untracked 
|  74|0x0000000086600000, 0x0000000086600000, 0x0000000086700000|  0%| F|  |TAMS 0x0000000086600000, 0x0000000086600000| Untracked 
|  75|0x0000000086700000, 0x0000000086700000, 0x0000000086800000|  0%| F|  |TAMS 0x0000000086700000, 0x0000000086700000| Untracked 
|  76|0x0000000086800000, 0x0000000086800000, 0x0000000086900000|  0%| F|  |TAMS 0x0000000086800000, 0x0000000086800000| Untracked 
|  77|0x0000000086900000, 0x0000000086900000, 0x0000000086a00000|  0%| F|  |TAMS 0x0000000086900000, 0x0000000086900000| Untracked 
|  78|0x0000000086a00000, 0x0000000086a00000, 0x0000000086b00000|  0%| F|  |TAMS 0x0000000086a00000, 0x0000000086a00000| Untracked 
|  79|0x0000000086b00000, 0x0000000086b00000, 0x0000000086c00000|  0%| F|  |TAMS 0x0000000086b00000, 0x0000000086b00000| Untracked 
|  80|0x0000000086c00000, 0x0000000086cefe70, 0x0000000086d00000| 93%| E|  |TAMS 0x0000000086c00000, 0x0000000086c00000| Complete 
|  81|0x0000000086d00000, 0x0000000086e00000, 0x0000000086e00000|100%| E|CS|TAMS 0x0000000086d00000, 0x0000000086d00000| Complete 
|  82|0x0000000086e00000, 0x0000000086edab80, 0x0000000086f00000| 85%| S|CS|TAMS 0x0000000086e00000, 0x0000000086e00000| Complete 
|  83|0x0000000086f00000, 0x0000000087000000, 0x0000000087000000|100%| S|CS|TAMS 0x0000000086f00000, 0x0000000086f00000| Complete 
|  84|0x0000000087000000, 0x0000000087100000, 0x0000000087100000|100%| S|CS|TAMS 0x0000000087000000, 0x0000000087000000| Complete 
|  85|0x0000000087100000, 0x0000000087200000, 0x0000000087200000|100%| S|CS|TAMS 0x0000000087100000, 0x0000000087100000| Complete 
|  86|0x0000000087200000, 0x0000000087300000, 0x0000000087300000|100%| S|CS|TAMS 0x0000000087200000, 0x0000000087200000| Complete 
|  87|0x0000000087300000, 0x0000000087400000, 0x0000000087400000|100%| S|CS|TAMS 0x0000000087300000, 0x0000000087300000| Complete 
|  88|0x0000000087400000, 0x0000000087500000, 0x0000000087500000|100%| S|CS|TAMS 0x0000000087400000, 0x0000000087400000| Complete 
|  89|0x0000000087500000, 0x0000000087600000, 0x0000000087600000|100%| E|  |TAMS 0x0000000087500000, 0x0000000087500000| Complete 
|  90|0x0000000087600000, 0x0000000087700000, 0x0000000087700000|100%| E|CS|TAMS 0x0000000087600000, 0x0000000087600000| Complete 
|  91|0x0000000087700000, 0x0000000087800000, 0x0000000087800000|100%| E|CS|TAMS 0x0000000087700000, 0x0000000087700000| Complete 
|  92|0x0000000087800000, 0x0000000087900000, 0x0000000087900000|100%| E|CS|TAMS 0x0000000087800000, 0x0000000087800000| Complete 
|  93|0x0000000087900000, 0x0000000087a00000, 0x0000000087a00000|100%| E|CS|TAMS 0x0000000087900000, 0x0000000087900000| Complete 
|  94|0x0000000087a00000, 0x0000000087b00000, 0x0000000087b00000|100%| E|CS|TAMS 0x0000000087a00000, 0x0000000087a00000| Complete 
|  95|0x0000000087b00000, 0x0000000087c00000, 0x0000000087c00000|100%| E|CS|TAMS 0x0000000087b00000, 0x0000000087b00000| Complete 
|  96|0x0000000087c00000, 0x0000000087d00000, 0x0000000087d00000|100%| E|CS|TAMS 0x0000000087c00000, 0x0000000087c00000| Complete 
|  97|0x0000000087d00000, 0x0000000087e00000, 0x0000000087e00000|100%| E|CS|TAMS 0x0000000087d00000, 0x0000000087d00000| Complete 
|  98|0x0000000087e00000, 0x0000000087f00000, 0x0000000087f00000|100%| E|CS|TAMS 0x0000000087e00000, 0x0000000087e00000| Complete 
|  99|0x0000000087f00000, 0x0000000088000000, 0x0000000088000000|100%| E|CS|TAMS 0x0000000087f00000, 0x0000000087f00000| Complete 
| 100|0x0000000088000000, 0x0000000088100000, 0x0000000088100000|100%| E|CS|TAMS 0x0000000088000000, 0x0000000088000000| Complete 
| 101|0x0000000088100000, 0x0000000088200000, 0x0000000088200000|100%| E|CS|TAMS 0x0000000088100000, 0x0000000088100000| Complete 
| 102|0x0000000088200000, 0x0000000088300000, 0x0000000088300000|100%| E|CS|TAMS 0x0000000088200000, 0x0000000088200000| Complete 
| 103|0x0000000088300000, 0x0000000088400000, 0x0000000088400000|100%| E|CS|TAMS 0x0000000088300000, 0x0000000088300000| Complete 
| 104|0x0000000088400000, 0x0000000088500000, 0x0000000088500000|100%| E|CS|TAMS 0x0000000088400000, 0x0000000088400000| Complete 
| 105|0x0000000088500000, 0x0000000088600000, 0x0000000088600000|100%| E|CS|TAMS 0x0000000088500000, 0x0000000088500000| Complete 
| 106|0x0000000088600000, 0x0000000088700000, 0x0000000088700000|100%| E|CS|TAMS 0x0000000088600000, 0x0000000088600000| Complete 
| 107|0x0000000088700000, 0x0000000088800000, 0x0000000088800000|100%| E|CS|TAMS 0x0000000088700000, 0x0000000088700000| Complete 
| 108|0x0000000088800000, 0x0000000088900000, 0x0000000088900000|100%| E|CS|TAMS 0x0000000088800000, 0x0000000088800000| Complete 
| 109|0x0000000088900000, 0x0000000088a00000, 0x0000000088a00000|100%| E|CS|TAMS 0x0000000088900000, 0x0000000088900000| Complete 
| 110|0x0000000088a00000, 0x0000000088b00000, 0x0000000088b00000|100%| E|CS|TAMS 0x0000000088a00000, 0x0000000088a00000| Complete 
| 111|0x0000000088b00000, 0x0000000088c00000, 0x0000000088c00000|100%| E|CS|TAMS 0x0000000088b00000, 0x0000000088b00000| Complete 
| 112|0x0000000088c00000, 0x0000000088d00000, 0x0000000088d00000|100%| E|CS|TAMS 0x0000000088c00000, 0x0000000088c00000| Complete 
| 113|0x0000000088d00000, 0x0000000088e00000, 0x0000000088e00000|100%| E|CS|TAMS 0x0000000088d00000, 0x0000000088d00000| Complete 
| 114|0x0000000088e00000, 0x0000000088f00000, 0x0000000088f00000|100%| E|CS|TAMS 0x0000000088e00000, 0x0000000088e00000| Complete 
| 115|0x0000000088f00000, 0x0000000089000000, 0x0000000089000000|100%| E|CS|TAMS 0x0000000088f00000, 0x0000000088f00000| Complete 
| 116|0x0000000089000000, 0x0000000089100000, 0x0000000089100000|100%| E|CS|TAMS 0x0000000089000000, 0x0000000089000000| Complete 
| 117|0x0000000089100000, 0x0000000089200000, 0x0000000089200000|100%| E|CS|TAMS 0x0000000089100000, 0x0000000089100000| Complete 
| 118|0x0000000089200000, 0x0000000089300000, 0x0000000089300000|100%| E|CS|TAMS 0x0000000089200000, 0x0000000089200000| Complete 
| 119|0x0000000089300000, 0x0000000089400000, 0x0000000089400000|100%| E|CS|TAMS 0x0000000089300000, 0x0000000089300000| Complete 
| 120|0x0000000089400000, 0x0000000089500000, 0x0000000089500000|100%| E|CS|TAMS 0x0000000089400000, 0x0000000089400000| Complete 
| 121|0x0000000089500000, 0x0000000089600000, 0x0000000089600000|100%| E|CS|TAMS 0x0000000089500000, 0x0000000089500000| Complete 
| 122|0x0000000089600000, 0x0000000089700000, 0x0000000089700000|100%| E|CS|TAMS 0x0000000089600000, 0x0000000089600000| Complete 
| 123|0x0000000089700000, 0x0000000089800000, 0x0000000089800000|100%| E|CS|TAMS 0x0000000089700000, 0x0000000089700000| Complete 
| 124|0x0000000089800000, 0x0000000089900000, 0x0000000089900000|100%| E|CS|TAMS 0x0000000089800000, 0x0000000089800000| Complete 
| 125|0x0000000089900000, 0x0000000089a00000, 0x0000000089a00000|100%| E|CS|TAMS 0x0000000089900000, 0x0000000089900000| Complete 
| 126|0x0000000089a00000, 0x0000000089b00000, 0x0000000089b00000|100%| E|CS|TAMS 0x0000000089a00000, 0x0000000089a00000| Complete 
| 127|0x0000000089b00000, 0x0000000089c00000, 0x0000000089c00000|100%| E|CS|TAMS 0x0000000089b00000, 0x0000000089b00000| Complete 

Card table byte_map: [0x00000201ea030000,0x00000201ea430000] _byte_map_base: 0x00000201e9c22000

Marking Bits (Prev, Next): (CMBitMap*) 0x00000201d3594d30, (CMBitMap*) 0x00000201d3594cf8
 Prev Bits: [0x00000201ec7c0000, 0x00000201ee750000)
 Next Bits: [0x00000201ea830000, 0x00000201ec7c0000)

Polling page: 0x00000201d13d0000

Metaspace:

Usage:
  Non-class:     22.09 MB capacity,    21.48 MB ( 97%) used,   511.34 KB (  2%) free+waste,   107.19 KB ( <1%) overhead. 
      Class:      2.94 MB capacity,     2.52 MB ( 86%) used,   369.07 KB ( 12%) free+waste,    52.81 KB (  2%) overhead. 
       Both:     25.03 MB capacity,    24.01 MB ( 96%) used,   880.41 KB (  3%) free+waste,   160.00 KB ( <1%) overhead. 

Virtual space:
  Non-class space:       24.00 MB reserved,      22.25 MB ( 93%) committed 
      Class space:        1.00 GB reserved,       3.00 MB ( <1%) committed 
             Both:        1.02 GB reserved,      25.25 MB (  2%) committed 

Chunk freelists:
   Non-Class:  4.13 KB
       Class:  128 bytes
        Both:  4.25 KB

CodeHeap 'non-profiled nmethods': size=120064Kb used=1447Kb max_used=1447Kb free=118616Kb
 bounds [0x00000201e26f0000, 0x00000201e2960000, 0x00000201e9c30000]
CodeHeap 'profiled nmethods': size=120000Kb used=7125Kb max_used=7125Kb free=112874Kb
 bounds [0x00000201db1c0000, 0x00000201db8c0000, 0x00000201e26f0000]
CodeHeap 'non-nmethods': size=5696Kb used=1254Kb max_used=1296Kb free=4442Kb
 bounds [0x00000201dac30000, 0x00000201daea0000, 0x00000201db1c0000]
 total_blobs=3735 nmethods=3218 adapters=436
 compilation: enabled
              stopped_count=0, restarted_count=0
 full_count=0

Compilation events (10 events):
Event: 268.280 Thread 0x00000201f15e4000 nmethod 3230 0x00000201e2859990 code [0x00000201e2859b00, 0x00000201e2859b78]
Event: 268.280 Thread 0x00000201f15ee800 nmethod 3228 0x00000201db8af710 code [0x00000201db8afae0, 0x00000201db8b1ad8]
Event: 268.281 Thread 0x00000201f15ee800 3229       3       java.lang.invoke.BoundMethodHandle$Species_L::copyWith (14 bytes)
Event: 268.281 Thread 0x00000201f15ee800 nmethod 3229 0x00000201db8b2a10 code [0x00000201db8b2bc0, 0x00000201db8b2e48]
Event: 268.281 Thread 0x00000201f15ee800 3231       3       java.lang.invoke.BoundMethodHandle$Species_LL::speciesData (4 bytes)
Event: 268.281 Thread 0x00000201f15ee800 nmethod 3231 0x00000201db8b2f90 code [0x00000201db8b3120, 0x00000201db8b3238]
Event: 313.368 Thread 0x00000201f15ee800 3232       3       jdk.internal.net.http.ConnectionPool$ExpiryList::purgeUntil (108 bytes)
Event: 313.370 Thread 0x00000201f15ee800 nmethod 3232 0x00000201db8b3310 code [0x00000201db8b3600, 0x00000201db8b4bc8]
Event: 538.940 Thread 0x00000201f15e4000 3233       4       java.util.ArrayDeque::pollFirst (36 bytes)
Event: 538.943 Thread 0x00000201f15e4000 nmethod 3233 0x00000201e2859c10 code [0x00000201e2859d80, 0x00000201e2859eb8]

GC Heap History (8 events):
Event: 0.801 GC heap before
{Heap before GC invocations=0 (full 0):
 garbage-first heap   total 131072K, used 14336K [0x0000000081c00000, 0x0000000100000000)
  region size 1024K, 14 young (14336K), 0 survivors (0K)
 Metaspace       used 10366K, capacity 10554K, committed 10752K, reserved 1058816K
  class space    used 906K, capacity 941K, committed 1024K, reserved 1048576K
}
Event: 0.804 GC heap after
{Heap after GC invocations=1 (full 0):
 garbage-first heap   total 131072K, used 4115K [0x0000000081c00000, 0x0000000100000000)
  region size 1024K, 2 young (2048K), 2 survivors (2048K)
 Metaspace       used 10366K, capacity 10554K, committed 10752K, reserved 1058816K
  class space    used 906K, capacity 941K, committed 1024K, reserved 1048576K
}
Event: 1.090 GC heap before
{Heap before GC invocations=1 (full 0):
 garbage-first heap   total 131072K, used 14355K [0x0000000081c00000, 0x0000000100000000)
  region size 1024K, 12 young (12288K), 2 survivors (2048K)
 Metaspace       used 11653K, capacity 11918K, committed 12160K, reserved 1060864K
  class space    used 1014K, capacity 1117K, committed 1152K, reserved 1048576K
}
Event: 1.096 GC heap after
{Heap after GC invocations=2 (full 0):
 garbage-first heap   total 131072K, used 5437K [0x0000000081c00000, 0x0000000100000000)
  region size 1024K, 2 young (2048K), 2 survivors (2048K)
 Metaspace       used 11653K, capacity 11918K, committed 12160K, reserved 1060864K
  class space    used 1014K, capacity 1117K, committed 1152K, reserved 1048576K
}
Event: 1.757 GC heap before
{Heap before GC invocations=2 (full 0):
 garbage-first heap   total 131072K, used 35133K [0x0000000081c00000, 0x0000000100000000)
  region size 1024K, 31 young (31744K), 2 survivors (2048K)
 Metaspace       used 15297K, capacity 15559K, committed 15616K, reserved 1062912K
  class space    used 1385K, capacity 1480K, committed 1536K, reserved 1048576K
}
Event: 1.765 GC heap after
{Heap after GC invocations=3 (full 0):
 garbage-first heap   total 131072K, used 9830K [0x0000000081c00000, 0x0000000100000000)
  region size 1024K, 4 young (4096K), 4 survivors (4096K)
 Metaspace       used 15297K, capacity 15559K, committed 15616K, reserved 1062912K
  class space    used 1385K, capacity 1480K, committed 1536K, reserved 1048576K
}
Event: 2.387 GC heap before
{Heap before GC invocations=3 (full 0):
 garbage-first heap   total 131072K, used 44646K [0x0000000081c00000, 0x0000000100000000)
  region size 1024K, 39 young (39936K), 4 survivors (4096K)
 Metaspace       used 20628K, capacity 21228K, committed 21248K, reserved 1069056K
  class space    used 2082K, capacity 2286K, committed 2304K, reserved 1048576K
}
Event: 2.399 GC heap after
{Heap after GC invocations=4 (full 0):
 garbage-first heap   total 131072K, used 12753K [0x0000000081c00000, 0x0000000100000000)
  region size 1024K, 7 young (7168K), 7 survivors (7168K)
 Metaspace       used 20628K, capacity 21228K, committed 21248K, reserved 1069056K
  class space    used 2082K, capacity 2286K, committed 2304K, reserved 1048576K
}

Deoptimization events (10 events):
Event: 1.955 Thread 0x00000201d3558800 Uncommon trap: reason=intrinsic_or_type_checked_inlining action=make_not_entrant pc=0x00000201e27a48fc method=java.util.Arrays.copyOf([Ljava/lang/Object;ILjava/lang/Class;)[Ljava/lang/Object; @ 35 c2
Event: 2.035 Thread 0x00000201d3558800 Uncommon trap: reason=unstable_if action=reinterpret pc=0x00000201e2762190 method=java.io.BufferedReader.readLine(Z)Ljava/lang/String; @ 55 c2
Event: 2.038 Thread 0x00000201f20d7000 Uncommon trap: reason=class_check action=maybe_recompile pc=0x00000201e2773ce0 method=java.util.concurrent.ConcurrentHashMap.putVal(Ljava/lang/Object;Ljava/lang/Object;Z)Ljava/lang/Object; @ 242 c2
Event: 2.048 Thread 0x00000201d3558800 Uncommon trap: reason=unstable_if action=reinterpret pc=0x00000201e27aa540 method=java.util.HashMap.getNode(ILjava/lang/Object;)Ljava/util/HashMap$Node; @ 62 c2
Event: 2.048 Thread 0x00000201d3558800 Uncommon trap: reason=unstable_if action=reinterpret pc=0x00000201e2775b84 method=java.util.HashMap.putVal(ILjava/lang/Object;Ljava/lang/Object;ZZ)Ljava/lang/Object; @ 94 c2
Event: 2.321 Thread 0x00000201d3558800 Uncommon trap: reason=unstable_if action=reinterpret pc=0x00000201e27be5e8 method=jdk.internal.org.objectweb.asm.Type.getArgumentsAndReturnSizes(Ljava/lang/String;)I @ 41 c2
Event: 4.349 Thread 0x00000201d3558800 Uncommon trap: reason=unstable_if action=reinterpret pc=0x00000201e2773ef0 method=java.util.concurrent.ConcurrentHashMap.putVal(Ljava/lang/Object;Ljava/lang/Object;Z)Ljava/lang/Object; @ 231 c2
Event: 12.891 Thread 0x00000201d3558800 Uncommon trap: reason=unstable_if action=reinterpret pc=0x00000201e27fe428 method=org.eclipse.jdt.launching.internal.org.objectweb.asm.MethodWriter.computeMethodInfoSize()I @ 505 c2
Event: 12.891 Thread 0x00000201d3558800 Uncommon trap: reason=unstable_if action=reinterpret pc=0x00000201e2807840 method=org.eclipse.jdt.launching.internal.org.objectweb.asm.MethodWriter.putMethodInfo(Lorg/eclipse/jdt/launching/internal/org/objectweb/asm/ByteVector;)V @ 180 c2
Event: 25.085 Thread 0x00000201d3558800 Uncommon trap: reason=unloaded action=reinterpret pc=0x00000201e282d3e0 method=org.openqa.selenium.json.Input.fill()Z @ 60 c2

Classes redefined (9 events):
Event: 238.516 Thread 0x00000201f0c4a800 redefined class name=SeleniumFlipkartFrameWork.Flipkartorders.SubmitOrders, count=1
Event: 250.276 Thread 0x00000201f0c4a800 redefined class name=SeleniumFlipkartFrameWork.Flipkartorders.SubmitOrders, count=2
Event: 510.844 Thread 0x00000201f0c4a800 redefined class name=SeleniumFlipkartFrameWork.Flipkartorders.SubmitOrders, count=3
Event: 558.165 Thread 0x00000201f0c4a800 redefined class name=SeleniumFlipkartFrameWork.Flipkartorders.SubmitOrders, count=4
Event: 565.266 Thread 0x00000201f0c4a800 redefined class name=SeleniumFlipkartFrameWork.Flipkartorders.SubmitOrders, count=5
Event: 773.537 Thread 0x00000201f0c4a800 redefined class name=SeleniumFlipkartFrameWork.Flipkartorders.SubmitOrders, count=6
Event: 984.305 Thread 0x00000201f0c4a800 redefined class name=SeleniumFlipkartFrameWork.Flipkartorders.SubmitOrders, count=7
Event: 992.348 Thread 0x00000201f0c4a800 redefined class name=SeleniumFlipkartFrameWork.Flipkartorders.SubmitOrders, count=8
Event: 1013.662 Thread 0x00000201f0c4a800 redefined class name=SeleniumFlipkartFrameWork.Flipkartorders.SubmitOrders, count=9

Internal exceptions (10 events):
Event: 2.518 Thread 0x00000201f2ed7800 Exception <a 'java/lang/NoSuchMethodError'{0x0000000089276c10}: java.lang.invoke.DirectMethodHandle$Holder.invokeSpecial(Ljava/lang/Object;Ljava/lang/Object;Ljava/lang/Object;Ljava/lang/Object;Ljava/lang/Object;)V> (0x0000000089276c10) thrown at [./open/s
Event: 2.525 Thread 0x00000201f2ed7800 Exception <a 'java/lang/NoSuchMethodError'{0x0000000089129198}: java.lang.invoke.DirectMethodHandle$Holder.invokeStatic(Ljava/lang/Object;JJ)J> (0x0000000089129198) thrown at [./open/src/hotspot/share/interpreter/linkResolver.cpp, line 772]
Event: 4.267 Thread 0x00000201f3659000 Exception <a 'java/lang/NoSuchMethodError'{0x0000000088f04470}: java.lang.invoke.DirectMethodHandle$Holder.invokeStatic(Ljava/lang/Object;Ljava/lang/Object;Ljava/lang/Object;Ljava/lang/Object;Ljava/lang/Object;Ljava/lang/Object;Ljava/lang/Object;Ljava/lan
Event: 4.268 Thread 0x00000201f3659000 Exception <a 'java/lang/NoSuchMethodError'{0x0000000088f11e20}: java.lang.invoke.DirectMethodHandle$Holder.invokeStatic(Ljava/lang/Object;Ljava/lang/Object;Ljava/lang/Object;Ljava/lang/Object;Ljava/lang/Object;Ljava/lang/Object;Ljava/lang/Object;Ljava/lan
Event: 4.276 Thread 0x00000201f3659000 Exception <a 'java/lang/NoSuchMethodError'{0x0000000088f4e0a8}: java.lang.invoke.DirectMethodHandle$Holder.invokeSpecial(Ljava/lang/Object;Ljava/lang/Object;Ljava/lang/Object;Ljava/lang/Object;Ljava/lang/Object;Ljava/lang/Object;Ljava/lang/Object;)V> (0x0
Event: 4.293 Thread 0x00000201d3558800 Exception <a 'java/lang/NoSuchMethodError'{0x0000000089768788}: java.lang.invoke.DirectMethodHandle$Holder.invokeSpecialIFC(Ljava/lang/Object;Ljava/lang/Object;Ljava/lang/Object;)Ljava/lang/Object;> (0x0000000089768788) thrown at [./open/src/hotspot/share
Event: 4.493 Thread 0x00000201d3558800 Exception <a 'java/lang/ClassNotFoundException'{0x00000000884843a0}: sun/util/logging/resources/spi/loggingProvider> (0x00000000884843a0) thrown at [./open/src/hotspot/share/classfile/systemDictionary.cpp, line 226]
Event: 184.656 Thread 0x00000201d3558800 Exception <a 'java/lang/NoSuchMethodError'{0x0000000086d54a50}: java.lang.invoke.DirectMethodHandle$Holder.invokeSpecial(Ljava/lang/Object;Ljava/lang/Object;IILjava/lang/Object;Ljava/lang/Object;Ljava/lang/Object;)Ljava/lang/Object;> (0x0000000086d54a50) 
Event: 184.665 Thread 0x00000201d3558800 Exception <a 'java/lang/NoSuchMethodError'{0x0000000086d57fd8}: java.lang.invoke.DelegatingMethodHandle$Holder.reinvoke_L(Ljava/lang/Object;IILjava/lang/Object;Ljava/lang/Object;Ljava/lang/Object;)Ljava/lang/Object;> (0x0000000086d57fd8) thrown at [./open
Event: 184.705 Thread 0x00000201d3558800 Exception <a 'java/lang/NoSuchMethodError'{0x0000000086d66bc8}: java.lang.invoke.DirectMethodHandle$Holder.invokeStatic(Ljava/lang/Object;Ljava/lang/Object;Ljava/lang/Object;Ljava/lang/Object;Ljava/lang/Object;Ljava/lang/Object;I)Ljava/lang/Object;> (0x00

Events (10 events):
Event: 1013.697 Executing VM operation: SetFramePop
Event: 1013.697 Executing VM operation: SetFramePop done
Event: 1013.697 Executing VM operation: GetFrameLocation
Event: 1013.697 Executing VM operation: GetFrameLocation done
Event: 1013.698 Executing VM operation: GetCurrentLocation
Event: 1013.698 Executing VM operation: GetCurrentLocation done
Event: 1013.698 Executing VM operation: ChangeSingleStep
Event: 1013.698 Executing VM operation: ChangeSingleStep done
Event: 1013.698 Executing VM operation: GetFrameLocation
Event: 1013.698 Executing VM operation: GetFrameLocation done


Dynamic libraries:
0x00007ff7898d0000 - 0x00007ff7898e0000 	C:\Program Files\Java\jdk-11\bin\javaw.exe
0x00007ffb02680000 - 0x00007ffb02870000 	C:\WINDOWS\SYSTEM32\ntdll.dll
0x00007ffb01bc0000 - 0x00007ffb01c72000 	C:\WINDOWS\System32\KERNEL32.DLL
0x00007ffaff9b0000 - 0x00007ffaffc55000 	C:\WINDOWS\System32\KERNELBASE.dll
0x00007ffaffd00000 - 0x00007ffaffdfa000 	C:\WINDOWS\System32\ucrtbase.dll
0x00007ffaf83c0000 - 0x00007ffaf83d9000 	C:\Program Files\Java\jdk-11\bin\jli.dll
0x00007ffb01fa0000 - 0x00007ffb02043000 	C:\WINDOWS\System32\ADVAPI32.dll
0x00007ffb020c0000 - 0x00007ffb0215e000 	C:\WINDOWS\System32\msvcrt.dll
0x00007ffb01080000 - 0x00007ffb01117000 	C:\WINDOWS\System32\sechost.dll
0x00007ffb01c80000 - 0x00007ffb01d9f000 	C:\WINDOWS\System32\RPCRT4.dll
0x00007ffb024a0000 - 0x00007ffb02634000 	C:\WINDOWS\System32\USER32.dll
0x00007ffaffe70000 - 0x00007ffaffe91000 	C:\WINDOWS\System32\win32u.dll
0x00007ffb01050000 - 0x00007ffb01076000 	C:\WINDOWS\System32\GDI32.dll
0x00007ffaff5f0000 - 0x00007ffaff788000 	C:\WINDOWS\System32\gdi32full.dll
0x00007ffaffc60000 - 0x00007ffaffcfe000 	C:\WINDOWS\System32\msvcp_win.dll
0x00007ffaf6f00000 - 0x00007ffaf6f1b000 	C:\Program Files\Java\jdk-11\bin\VCRUNTIME140.dll
0x00007ffae5cd0000 - 0x00007ffae5f54000 	C:\WINDOWS\WinSxS\amd64_microsoft.windows.common-controls_6595b64144ccf1df_6.0.18362.1556_none_9e7e372fe45e41d5\COMCTL32.dll
0x00007ffb02160000 - 0x00007ffb02496000 	C:\WINDOWS\System32\combase.dll
0x00007ffaff920000 - 0x00007ffaff9a1000 	C:\WINDOWS\System32\bcryptPrimitives.dll
0x00007ffaf89e0000 - 0x00007ffaf89ea000 	C:\WINDOWS\SYSTEM32\VERSION.dll
0x00007ffb01f70000 - 0x00007ffb01f9e000 	C:\WINDOWS\System32\IMM32.DLL
0x00007ffaf6f60000 - 0x00007ffaf6f6c000 	C:\Program Files\Java\jdk-11\bin\vcruntime140_1.dll
0x00007ffadd110000 - 0x00007ffadd19e000 	C:\Program Files\Java\jdk-11\bin\msvcp140.dll
0x00007ffa834e0000 - 0x00007ffa8404d000 	C:\Program Files\Java\jdk-11\bin\server\jvm.dll
0x00007ffb01ee0000 - 0x00007ffb01ee8000 	C:\WINDOWS\System32\PSAPI.DLL
0x00007ffae8c60000 - 0x00007ffae8c69000 	C:\WINDOWS\SYSTEM32\WSOCK32.dll
0x00007ffb019e0000 - 0x00007ffb01a4f000 	C:\WINDOWS\System32\WS2_32.dll
0x00007ffafd290000 - 0x00007ffafd2b4000 	C:\WINDOWS\SYSTEM32\WINMM.dll
0x00007ffafd260000 - 0x00007ffafd28d000 	C:\WINDOWS\SYSTEM32\WINMMBASE.dll
0x00007ffaffe20000 - 0x00007ffaffe6a000 	C:\WINDOWS\System32\cfgmgr32.dll
0x00007ffaff540000 - 0x00007ffaff551000 	C:\WINDOWS\System32\kernel.appcore.dll
0x00007ffaf6e30000 - 0x00007ffaf6e40000 	C:\Program Files\Java\jdk-11\bin\verify.dll
0x00007ffafdec0000 - 0x00007ffafe0b4000 	C:\WINDOWS\SYSTEM32\DBGHELP.DLL
0x00007ffae4a90000 - 0x00007ffae4aba000 	C:\WINDOWS\SYSTEM32\dbgcore.DLL
0x00007ffae8b20000 - 0x00007ffae8b48000 	C:\Program Files\Java\jdk-11\bin\java.dll
0x00007ffaf6da0000 - 0x00007ffaf6daa000 	C:\Program Files\Java\jdk-11\bin\jimage.dll
0x00007ffaf5400000 - 0x00007ffaf5438000 	C:\Program Files\Java\jdk-11\bin\jdwp.dll
0x00007ffaf55e0000 - 0x00007ffaf55ee000 	C:\Program Files\Java\jdk-11\bin\instrument.dll
0x00007ffaf5ab0000 - 0x00007ffaf5ac7000 	C:\Program Files\Java\jdk-11\bin\zip.dll
0x00007ffb00960000 - 0x00007ffb01047000 	C:\WINDOWS\System32\SHELL32.dll
0x00007ffb01ab0000 - 0x00007ffb01b58000 	C:\WINDOWS\System32\shcore.dll
0x00007ffafff00000 - 0x00007ffb0067b000 	C:\WINDOWS\System32\windows.storage.dll
0x00007ffaff580000 - 0x00007ffaff59e000 	C:\WINDOWS\System32\profapi.dll
0x00007ffaff5a0000 - 0x00007ffaff5ea000 	C:\WINDOWS\System32\powrprof.dll
0x00007ffaff530000 - 0x00007ffaff540000 	C:\WINDOWS\System32\UMPDC.dll
0x00007ffb008f0000 - 0x00007ffb00942000 	C:\WINDOWS\System32\shlwapi.dll
0x00007ffaffe00000 - 0x00007ffaffe17000 	C:\WINDOWS\System32\cryptsp.dll
0x00007ffaf55d0000 - 0x00007ffaf55db000 	C:\Program Files\Java\jdk-11\bin\dt_socket.dll
0x00007ffafed10000 - 0x00007ffafed77000 	C:\WINDOWS\System32\mswsock.dll
0x00007ffafea70000 - 0x00007ffafeb3b000 	C:\WINDOWS\SYSTEM32\DNSAPI.dll
0x00007ffb00950000 - 0x00007ffb00958000 	C:\WINDOWS\System32\NSI.dll
0x00007ffafea20000 - 0x00007ffafea5a000 	C:\WINDOWS\SYSTEM32\IPHLPAPI.DLL
0x00007ffaf6800000 - 0x00007ffaf6877000 	C:\WINDOWS\System32\fwpuclnt.dll
0x00007ffaff790000 - 0x00007ffaff7b6000 	C:\WINDOWS\System32\bcrypt.dll
0x00007ffaf89b0000 - 0x00007ffaf89ba000 	C:\Windows\System32\rasadhlp.dll
0x00007ffaf5630000 - 0x00007ffaf5649000 	C:\Program Files\Java\jdk-11\bin\net.dll
0x00007ffaf64f0000 - 0x00007ffaf65ea000 	C:\WINDOWS\SYSTEM32\WINHTTP.dll
0x00007ffaf5220000 - 0x00007ffaf5232000 	C:\Program Files\Java\jdk-11\bin\nio.dll
0x00007ffaec400000 - 0x00007ffaec427000 	C:\Program Files\Java\jdk-11\bin\sunec.dll
0x00007ffafe890000 - 0x00007ffafe8c3000 	C:\WINDOWS\system32\rsaenh.dll
0x00007ffaff420000 - 0x00007ffaff445000 	C:\WINDOWS\SYSTEM32\USERENV.dll
0x00007ffafeee0000 - 0x00007ffafeeec000 	C:\WINDOWS\SYSTEM32\CRYPTBASE.dll
0x00007ffaf6b60000 - 0x00007ffaf6b76000 	C:\WINDOWS\SYSTEM32\dhcpcsvc6.DLL
0x00007ffaf7ab0000 - 0x00007ffaf7acc000 	C:\WINDOWS\SYSTEM32\dhcpcsvc.DLL

dbghelp: loaded successfully - version: 4.0.5 - missing functions: none
symbol engine: initialized successfully - sym options: 0x614 - pdb path: .;C:\Program Files\Java\jdk-11\bin;C:\WINDOWS\SYSTEM32;C:\WINDOWS\WinSxS\amd64_microsoft.windows.common-controls_6595b64144ccf1df_6.0.18362.1556_none_9e7e372fe45e41d5;C:\Program Files\Java\jdk-11\bin\server

VM Arguments:
jvm_args: -agentlib:jdwp=transport=dt_socket,suspend=y,address=localhost:54811 -javaagent:C:\eclipse\eclipse\configuration\org.eclipse.osgi\221\0\.cp\lib\javaagent-shaded.jar -Dfile.encoding=UTF-8 
java_command: SeleniumFlipkartFrameWork.Flipkartorders.SubmitOrders
java_class_path (initial): C:\Users\tejas\eclipse-workspace\Flipkartorders\target\test-classes;C:\Users\tejas\eclipse-workspace\Flipkartorders\target\classes;C:\Users\tejas\.m2\repository\org\seleniumhq\selenium\selenium-java\4.21.0\selenium-java-4.21.0.jar;C:\Users\tejas\.m2\repository\org\seleniumhq\selenium\selenium-api\4.21.0\selenium-api-4.21.0.jar;C:\Users\tejas\.m2\repository\org\seleniumhq\selenium\selenium-chrome-driver\4.21.0\selenium-chrome-driver-4.21.0.jar;C:\Users\tejas\.m2\repository\com\google\auto\service\auto-service-annotations\1.1.1\auto-service-annotations-1.1.1.jar;C:\Users\tejas\.m2\repository\org\seleniumhq\selenium\selenium-chromium-driver\4.21.0\selenium-chromium-driver-4.21.0.jar;C:\Users\tejas\.m2\repository\org\seleniumhq\selenium\selenium-json\4.21.0\selenium-json-4.21.0.jar;C:\Users\tejas\.m2\repository\org\seleniumhq\selenium\selenium-manager\4.21.0\selenium-manager-4.21.0.jar;C:\Users\tejas\.m2\repository\org\seleniumhq\selenium\selenium-devtools-v123\4.21.0\selenium-devtools-v123-4.21.0.jar;C:\Users\tejas\.m2\repository\org\seleniumhq\selenium\selenium-devtools-v124\4.21.0\selenium-devtools-v124-4.21.0.jar;C:\Users\tejas\.m2\repository\org\seleniumhq\selenium\selenium-devtools-v125\4.21.0\selenium-devtools-v125-4.21.0.jar;C:\Users\tejas\.m2\repository\org\seleniumhq\selenium\selenium-devtools-v85\4.21.0\selenium-devtools-v85-4.21.0.jar;C:\Users\tejas\.m2\repository\org\seleniumhq\selenium\selenium-edge-driver\4.21.0\selenium-edge-driver-4.21.0.jar;C:\Users\tejas\.m2\repository\org\seleniumhq\selenium\selenium-firefox-driver\4.21.0\selenium-firefox-driver-4.21.0.jar;C:\Users\tejas\.m2\repository\org\seleniumhq\selenium\selenium-http\4.21.0\selenium-http-4.21.0.jar;C:\Users\tejas\.m2\repository\dev\failsafe\failsafe\3.3.2\failsafe-3.3.2.jar;C:\Users\tejas\.m2\repository\org\seleniumhq\selenium\selenium-ie-driver\4.21.0\selenium-ie-driver-4.21.0.jar;C:\Users\tejas\.m2\repository\org\seleniumhq\selenium\selenium-remote-driver\4.21.0\s
Launcher Type: SUN_STANDARD

[Global flags]
     intx CICompilerCount                          = 3                                         {product} {ergonomic}
     uint ConcGCThreads                            = 1                                         {product} {ergonomic}
     uint G1ConcRefinementThreads                  = 4                                         {product} {ergonomic}
   size_t G1HeapRegionSize                         = 1048576                                   {product} {ergonomic}
    uintx GCDrainStackTargetSize                   = 64                                        {product} {ergonomic}
   size_t InitialHeapSize                          = 134217728                                 {product} {ergonomic}
   size_t MarkStackSize                            = 4194304                                   {product} {ergonomic}
   size_t MaxHeapSize                              = 2118123520                                {product} {ergonomic}
   size_t MaxNewSize                               = 1270874112                                {product} {ergonomic}
   size_t MinHeapDeltaBytes                        = 1048576                                   {product} {ergonomic}
    uintx NonNMethodCodeHeapSize                   = 5830732                                {pd product} {ergonomic}
    uintx NonProfiledCodeHeapSize                  = 122913754                              {pd product} {ergonomic}
    uintx ProfiledCodeHeapSize                     = 122913754                              {pd product} {ergonomic}
    uintx ReservedCodeCacheSize                    = 251658240                              {pd product} {ergonomic}
     bool SegmentedCodeCache                       = true                                      {product} {ergonomic}
     bool UseCompressedClassPointers               = true                                 {lp64_product} {ergonomic}
     bool UseCompressedOops                        = true                                 {lp64_product} {ergonomic}
     bool UseG1GC                                  = true                                      {product} {ergonomic}
     bool UseLargePagesIndividualAllocation        = false                                  {pd product} {ergonomic}

Logging:
Log output configuration:
 #0: stdout all=warning uptime,level,tags
 #1: stderr all=off uptime,level,tags

Environment Variables:
JAVA_HOME=C:\Program Files\Java\jdk-11
PATH=C:\Program Files\Common Files\Oracle\Java\javapath;C:\Program Files\Java\jdk-11;C:\ProgramData\Oracle\Java\javapath;C:\Program Files (x86)\Intel\iCLS Client\;C:\Program Files\Intel\iCLS Client\;C:\WINDOWS\system32;C:\WINDOWS;C:\WINDOWS\System32\Wbem;C:\WINDOWS\System32\WindowsPowerShell\v1.0\;C:\Program Files (x86)\Intel\Intel(R) Management Engine Components\DAL;C:\Program Files\Intel\Intel(R) Management Engine Components\DAL;C:\Program Files (x86)\Intel\Intel(R) Management Engine Components\IPT;C:\Program Files\Intel\Intel(R) Management Engine Components\IPT;C:\WINDOWS\System32\OpenSSH\;C:\Program Files\Java\jre1.8.0_181\bin;C:\Program Files\Intel\WiFi\bin\;C:\Program Files\Common Files\Intel\WirelessCommon\;C:\Program Files (x86)\dotnet\;C:\Users\tejas\AppData\Local\Microsoft\WindowsApps
USERNAME=tejas
OS=Windows_NT
PROCESSOR_IDENTIFIER=Intel64 Family 6 Model 142 Stepping 9, GenuineIntel



---------------  S Y S T E M  ---------------

OS: Windows 10 , 64 bit Build 18362 (10.0.18362.1500)

CPU:total 4 (initial active 4) (2 cores per cpu, 2 threads per core) family 6 model 142 stepping 9 microcode 0xde, cmov, cx8, fxsr, mmx, sse, sse2, sse3, ssse3, sse4.1, sse4.2, popcnt, avx, avx2, aes, clmul, erms, 3dnowpref, lzcnt, ht, tsc, tscinvbit, bmi1, bmi2, adx, fma

Memory: 4k page, system-wide physical 8076M (2894M free)
TotalPageFile size 11532M (AvailPageFile size 4498M)
current process WorkingSet (physical memory assigned to process): 130M, peak: 177M
current process commit charge ("private bytes"): 236M, peak: 285M

vm_info: Java HotSpot(TM) 64-Bit Server VM (11.0.21+9-LTS-193) for windows-amd64 JRE (11.0.21+9-LTS-193), built on Sep 13 2023 11:04:38 by "mach5one" with MS VC++ 17.1 (VS2022)

END.
